<?xml version="1.0" encoding="UTF-8"?>
<testsuite name="M2.AppTest" tests="1" skipped="0" failures="0" errors="0" timestamp="2019-01-26T04:15:00" hostname="lawn-143-215-115-6.lawn.gatech.edu" time="0.001">
  <properties/>
  <testcase name="testAppHasAGreeting" classname="M2.AppTest" time="0.001"/>
  <system-out><![CDATA[]]></system-out>
  <system-err><![CDATA[]]></system-err>
</testsuite>
